<?xml version="1.0" encoding="UTF-8"?>
<testng-results ignored="0" total="1" passed="1" failed="0" skipped="0">
  <reporter-output>
  </reporter-output>
  <suite started-at="2024-02-24T12:51:57 EET" name="org.example.AppTest" finished-at="2024-02-24T12:51:57 EET" duration-ms="50">
    <groups>
    </groups>
    <test started-at="2024-02-24T12:51:57 EET" name="Command line test" finished-at="2024-02-24T12:51:57 EET" duration-ms="50">
      <class name="org.example.AppTest">
        <test-method signature="yourNameTest()[pri:0, instance:Command line test(org.example.AppTest)]" started-at="2024-02-24T12:51:57 EET" name="yourNameTest" finished-at="2024-02-24T12:51:57 EET" duration-ms="5" status="PASS">
          <reporter-output>
          </reporter-output>
        </test-method> <!-- yourNameTest -->
      </class> <!-- org.example.AppTest -->
    </test> <!-- Command line test -->
  </suite> <!-- org.example.AppTest -->
</testng-results>
